2025-05-19 10:18 - INFO - Connection to users.db successful.
2025-05-19 10:18 - INFO - Connection to users.db closed.
2025-05-19 10:18 - INFO - Connection to users.db successful.
2025-05-19 10:18 - INFO - Connection to users.db closed.
2025-05-19 10:18 - INFO - Connection to users.db successful.
2025-05-19 10:18 - INFO - Connection to users.db closed.
2025-05-19 10:18 - INFO - Connection to users.db successful.
2025-05-19 10:18 - INFO - Connection to users.db closed.
2025-05-19 10:19 - INFO - Connection to users.db successful.
2025-05-19 10:19 - INFO - Connection to users.db closed.
2025-05-19 10:19 - INFO - Connection to users.db successful.
2025-05-19 10:19 - INFO - Connection to users.db closed.
2025-05-19 10:19 - INFO - Connection to users.db successful.
2025-05-19 10:19 - INFO - Connection to users.db closed.
2025-05-19 10:19 - INFO - Connection to users.db successful.
2025-05-19 10:19 - INFO - Connection to users.db closed.
2025-05-19 10:19 - INFO - Connection to users.db successful.
2025-05-19 10:19 - INFO - Connection to users.db closed.
2025-05-19 10:19 - INFO - Connection to users.db successful.
2025-05-19 10:19 - INFO - Connection to users.db closed.
2025-05-19 10:54 - INFO - Query to be exexuted: SELECT * FROM users
2025-05-19 10:54 - INFO - Query executed successfully: [(1, 'John', 'Doe', 'johndoe', 'johndoe@example.com', '2025-05-19 09:53:48'), (2, 'Jane', 'Smith', 'janesmith', 'janesmith@example.com', '2025-05-19 09:53:48'), (3, 'Alice', 'Johnson', 'alicejohnson', 'alicejohnson@example.net', '2025-05-19 09:53:48'), (4, 'Bob', 'Brown', 'bobbrown', 'Bobbrown@example.org', '2025-05-19 09:53:48'), (5, 'Charlie', 'Davis', 'charliedavis', 'charliedavis@example.link', '2025-05-19 09:53:48'), (6, 'Diana', 'Evans', 'dianaevans', 'dianaevans@example.edu', '2025-05-19 09:53:48'), (7, 'Ethan', 'Garcia', 'ethangarcia', 'ethangarcia@example.co.ng', '2025-05-19 09:53:48'), (8, 'Fiona', 'Harris', 'fionaharris', 'fionaharris@example.co.uk', '2025-05-19 09:53:48'), (9, 'George', 'Martinez', 'georgemartinez', 'georgemartinez@example.nz', '2025-05-19 09:53:48')]
2025-05-19 10:54 - INFO - Connection to users.db successful
2025-05-19 10:55 - INFO - Connection to users.db successful
2025-05-19 10:55 - INFO - Connection to users.db successful
2025-05-19 11:01 - INFO - Connection to users.db successful
2025-05-19 11:01 - INFO - Connection to users.db successful
2025-05-19 11:03 - INFO - Connection to users.db successful
2025-05-19 11:03 - INFO - Connection to users.db successful
2025-05-19 11:04 - INFO - Connection to users.db successful
2025-05-19 11:04 - INFO - Connection to users.db successful
2025-05-19 11:04 - INFO - Connection to users.db successful
2025-05-19 11:04 - INFO - Connection to users.db successful
2025-05-19 11:05 - INFO - Query to be exexuted: SELECT * FROM users
2025-05-19 11:05 - INFO - Query executed successfully: [(1, 'John', 'Doe', 'johndoe', 'Crawford_Cartwright@hotmail.com', '2025-05-19 09:53:48'), (2, 'Jane', 'Smith', 'janesmith', 'janesmith@example.com', '2025-05-19 09:53:48'), (3, 'Alice', 'Johnson', 'alicejohnson', 'alicejohnson@example.net', '2025-05-19 09:53:48'), (4, 'Bob', 'Brown', 'bobbrown', 'Bobbrown@example.org', '2025-05-19 09:53:48'), (5, 'Charlie', 'Davis', 'charliedavis', 'charliedavis@example.link', '2025-05-19 09:53:48'), (6, 'Diana', 'Evans', 'dianaevans', 'dianaevans@example.edu', '2025-05-19 09:53:48'), (7, 'Ethan', 'Garcia', 'ethangarcia', 'ethangarcia@example.co.ng', '2025-05-19 09:53:48'), (8, 'Fiona', 'Harris', 'fionaharris', 'fionaharris@example.co.uk', '2025-05-19 09:53:48'), (9, 'George', 'Martinez', 'georgemartinez', 'georgemartinez@example.nz', '2025-05-19 09:53:48')]
2025-05-19 11:06 - INFO - Query to be exexuted: SELECT * FROM users
2025-05-19 11:06 - INFO - Query executed successfully: [(1, 'John', 'Doe', 'johndoe', 'Crawford_Cartwright@hotmail.com', '2025-05-19 09:53:48'), (2, 'Jane', 'Smith', 'janesmith', 'janesmith@example.com', '2025-05-19 09:53:48'), (3, 'Alice', 'Johnson', 'alicejohnson', 'alicejohnson@example.net', '2025-05-19 09:53:48'), (4, 'Bob', 'Brown', 'bobbrown', 'Bobbrown@example.org', '2025-05-19 09:53:48'), (5, 'Charlie', 'Davis', 'charliedavis', 'charliedavis@example.link', '2025-05-19 09:53:48'), (6, 'Diana', 'Evans', 'dianaevans', 'dianaevans@example.edu', '2025-05-19 09:53:48'), (7, 'Ethan', 'Garcia', 'ethangarcia', 'ethangarcia@example.co.ng', '2025-05-19 09:53:48'), (8, 'Fiona', 'Harris', 'fionaharris', 'fionaharris@example.co.uk', '2025-05-19 09:53:48'), (9, 'George', 'Martinez', 'georgemartinez', 'georgemartinez@example.nz', '2025-05-19 09:53:48')]
2025-05-19 11:06 - INFO - Connection to users.db successful
2025-05-19 11:06 - INFO - Connection to users.db successful
2025-05-19 11:06 - INFO - Connection to users.db successful
2025-05-19 11:06 - INFO - Connection to users.db successful
2025-05-19 11:08 - INFO - Connection to users.db successful
2025-05-19 11:08 - INFO - Query successful: (1, 'John', 'Doe', 'johndoe', 'Crawford_Cartwright@hotmail.com', '2025-05-19 09:53:48')
2025-05-19 11:08 - INFO - Connection to users.db successful
2025-05-19 11:08 - INFO - Starting transaction...
2025-05-19 11:08 - INFO - Transaction committed successfully.
2025-05-19 11:08 - INFO - Query successful: None
2025-05-19 11:08 - INFO - Query successful: None
2025-05-19 11:08 - INFO - Connection to users.db successful
2025-05-19 11:08 - INFO - Query successful: (1, 'John', 'Doe', 'johndoe', 'Crawford_Cartwright@hotmail.com', '2025-05-19 09:53:48')
2025-05-19 11:09 - INFO - Connection to users.db successful
2025-05-19 11:09 - INFO - Query successful: (1, 'John', 'Doe', 'johndoe', 'Crawford_Cartwright@hotmail.com', '2025-05-19 09:53:48')
2025-05-19 11:09 - INFO - Connection to users.db successful
2025-05-19 11:09 - INFO - Starting transaction...
2025-05-19 11:09 - INFO - Transaction committed successfully.
2025-05-19 11:09 - INFO - Query successful: None
2025-05-19 11:09 - INFO - Query successful: None
2025-05-19 11:09 - INFO - Connection to users.db successful
2025-05-19 11:09 - INFO - Query successful: (1, 'John', 'Doe', 'johndoe', 'Crawford_Cartwright@live.com', '2025-05-19 09:53:48')
2025-05-19 11:11 - INFO - Connection to users.db successful
2025-05-19 11:11 - INFO - Query successful: (1, 'John', 'Doe', 'johndoe', 'Crawford_Cartwright@live.com', '2025-05-19 09:53:48')
2025-05-19 11:11 - INFO - Connection to users.db successful
2025-05-19 11:11 - INFO - Starting transaction...
2025-05-19 11:11 - INFO - Transaction committed successfully.
2025-05-19 11:11 - INFO - Query successful: None
2025-05-19 11:11 - INFO - Connection to users.db successful
2025-05-19 11:11 - INFO - Query successful: (1, 'John', 'Doe', 'johndoe', 'Crawford_Cartwright@live.com', '2025-05-19 09:53:48')
2025-05-19 12:01 - INFO - Connection to users.db successful
2025-05-19 12:01 - INFO - Query successful: (1, 'John', 'Doe', 'johndoe', 'Crawford_Cartwright@live.com', '2025-05-19 09:53:48')
2025-05-19 12:02 - INFO - Connection to users.db successful
2025-05-19 12:02 - INFO - Query successful: (1, 'John', 'Doe', 'johndoe', 'Crawford_Cartwright@live.com', '2025-05-19 09:53:48')
2025-05-19 12:03 - INFO - Connection to users.db successful
2025-05-19 12:03 - INFO - Query successful: (1, 'John', 'Doe', 'johndoe', 'Crawford_Cartwright@live.com', '2025-05-19 09:53:48')
2025-05-19 12:08 - INFO - Connection to users.db successful
2025-05-19 12:08 - INFO - Query successful: (1, 'John', 'Doe', 'johndoe', 'Crawford_Cartwright@live.com', '2025-05-19 09:53:48')
2025-05-19 12:08 - INFO - Attempt 1 of 3
2025-05-19 12:08 - INFO - Connection to users.db successful
2025-05-19 12:08 - INFO - Query successful: [(1, 'John', 'Doe', 'johndoe', 'Crawford_Cartwright@live.com', '2025-05-19 09:53:48'), (2, 'Jane', 'Smith', 'janesmith', 'janesmith@example.com', '2025-05-19 09:53:48'), (3, 'Alice', 'Johnson', 'alicejohnson', 'alicejohnson@example.net', '2025-05-19 09:53:48'), (4, 'Bob', 'Brown', 'bobbrown', 'Bobbrown@example.org', '2025-05-19 09:53:48'), (5, 'Charlie', 'Davis', 'charliedavis', 'charliedavis@example.link', '2025-05-19 09:53:48'), (6, 'Diana', 'Evans', 'dianaevans', 'dianaevans@example.edu', '2025-05-19 09:53:48'), (7, 'Ethan', 'Garcia', 'ethangarcia', 'ethangarcia@example.co.ng', '2025-05-19 09:53:48'), (8, 'Fiona', 'Harris', 'fionaharris', 'fionaharris@example.co.uk', '2025-05-19 09:53:48'), (9, 'George', 'Martinez', 'georgemartinez', 'georgemartinez@example.nz', '2025-05-19 09:53:48')]
2025-05-19 12:08 - INFO - Query successful: [(1, 'John', 'Doe', 'johndoe', 'Crawford_Cartwright@live.com', '2025-05-19 09:53:48'), (2, 'Jane', 'Smith', 'janesmith', 'janesmith@example.com', '2025-05-19 09:53:48'), (3, 'Alice', 'Johnson', 'alicejohnson', 'alicejohnson@example.net', '2025-05-19 09:53:48'), (4, 'Bob', 'Brown', 'bobbrown', 'Bobbrown@example.org', '2025-05-19 09:53:48'), (5, 'Charlie', 'Davis', 'charliedavis', 'charliedavis@example.link', '2025-05-19 09:53:48'), (6, 'Diana', 'Evans', 'dianaevans', 'dianaevans@example.edu', '2025-05-19 09:53:48'), (7, 'Ethan', 'Garcia', 'ethangarcia', 'ethangarcia@example.co.ng', '2025-05-19 09:53:48'), (8, 'Fiona', 'Harris', 'fionaharris', 'fionaharris@example.co.uk', '2025-05-19 09:53:48'), (9, 'George', 'Martinez', 'georgemartinez', 'georgemartinez@example.nz', '2025-05-19 09:53:48')]
2025-05-19 12:15 - INFO - Connection to users.db successful
2025-05-19 12:15 - INFO - Query successful: (1, 'John', 'Doe', 'johndoe', 'Crawford_Cartwright@live.com', '2025-05-19 09:53:48')
2025-05-19 12:15 - INFO - Attempt 1 of 3
2025-05-19 12:15 - INFO - Connection to users.db successful
2025-05-19 12:15 - INFO - Query successful: [(1, 'John', 'Doe', 'johndoe', 'Crawford_Cartwright@live.com', '2025-05-19 09:53:48'), (2, 'Jane', 'Smith', 'janesmith', 'janesmith@example.com', '2025-05-19 09:53:48')]
2025-05-19 12:15 - INFO - Query successful: [(1, 'John', 'Doe', 'johndoe', 'Crawford_Cartwright@live.com', '2025-05-19 09:53:48'), (2, 'Jane', 'Smith', 'janesmith', 'janesmith@example.com', '2025-05-19 09:53:48')]
2025-05-19 12:15 - INFO - Connection to users.db successful
2025-05-19 12:15 - INFO - Query successful: (1, 'John', 'Doe', 'johndoe', 'Crawford_Cartwright@live.com', '2025-05-19 09:53:48')
2025-05-19 12:15 - INFO - Attempt 1 of 3
2025-05-19 12:15 - INFO - Connection to users.db successful
2025-05-19 12:15 - INFO - Query successful: [(1, 'John', 'Doe', 'johndoe', 'Crawford_Cartwright@live.com', '2025-05-19 09:53:48'), (2, 'Jane', 'Smith', 'janesmith', 'janesmith@example.com', '2025-05-19 09:53:48')]
2025-05-19 12:15 - INFO - Query successful: [(1, 'John', 'Doe', 'johndoe', 'Crawford_Cartwright@live.com', '2025-05-19 09:53:48'), (2, 'Jane', 'Smith', 'janesmith', 'janesmith@example.com', '2025-05-19 09:53:48')]
2025-05-19 12:16 - INFO - Connection to users.db successful
2025-05-19 12:16 - INFO - Query successful: (1, 'John', 'Doe', 'johndoe', 'Crawford_Cartwright@live.com', '2025-05-19 09:53:48')
2025-05-19 12:16 - INFO - Attempt 1 of 3
2025-05-19 12:16 - INFO - Connection to users.db successful
2025-05-19 12:16 - INFO - Query successful: [(1, 'John', 'Doe', 'johndoe', 'Crawford_Cartwright@live.com', '2025-05-19 09:53:48'), (2, 'Jane', 'Smith', 'janesmith', 'janesmith@example.com', '2025-05-19 09:53:48')]
2025-05-19 12:16 - INFO - Query successful: [(1, 'John', 'Doe', 'johndoe', 'Crawford_Cartwright@live.com', '2025-05-19 09:53:48'), (2, 'Jane', 'Smith', 'janesmith', 'janesmith@example.com', '2025-05-19 09:53:48')]
2025-05-19 12:51 - INFO - Connection to users.db successful
2025-05-19 12:51 - INFO - Query successful: (1, 'John', 'Doe', 'johndoe', 'Crawford_Cartwright@live.com', '2025-05-19 09:53:48')
2025-05-19 12:51 - INFO - Connection to users.db successful
2025-05-19 12:51 - INFO - Executing query: SELECT * FROM users
2025-05-19 12:51 - INFO - Caching result for query: 26e7e05427bc7dabcd7815d27764fda2baf4cfe60a2d2d6ee2a1f773dccbbce2: [(1, 'John', 'Doe', 'johndoe', 'Crawford_Cartwright@live.com', '2025-05-19 09:53:48'), (2, 'Jane', 'Smith', 'janesmith', 'janesmith@example.com', '2025-05-19 09:53:48'), (3, 'Alice', 'Johnson', 'alicejohnson', 'alicejohnson@example.net', '2025-05-19 09:53:48'), (4, 'Bob', 'Brown', 'bobbrown', 'Bobbrown@example.org', '2025-05-19 09:53:48'), (5, 'Charlie', 'Davis', 'charliedavis', 'charliedavis@example.link', '2025-05-19 09:53:48'), (6, 'Diana', 'Evans', 'dianaevans', 'dianaevans@example.edu', '2025-05-19 09:53:48'), (7, 'Ethan', 'Garcia', 'ethangarcia', 'ethangarcia@example.co.ng', '2025-05-19 09:53:48'), (8, 'Fiona', 'Harris', 'fionaharris', 'fionaharris@example.co.uk', '2025-05-19 09:53:48'), (9, 'George', 'Martinez', 'georgemartinez', 'georgemartinez@example.nz', '2025-05-19 09:53:48')]
2025-05-19 12:51 - INFO - Query successful: [(1, 'John', 'Doe', 'johndoe', 'Crawford_Cartwright@live.com', '2025-05-19 09:53:48'), (2, 'Jane', 'Smith', 'janesmith', 'janesmith@example.com', '2025-05-19 09:53:48'), (3, 'Alice', 'Johnson', 'alicejohnson', 'alicejohnson@example.net', '2025-05-19 09:53:48'), (4, 'Bob', 'Brown', 'bobbrown', 'Bobbrown@example.org', '2025-05-19 09:53:48'), (5, 'Charlie', 'Davis', 'charliedavis', 'charliedavis@example.link', '2025-05-19 09:53:48'), (6, 'Diana', 'Evans', 'dianaevans', 'dianaevans@example.edu', '2025-05-19 09:53:48'), (7, 'Ethan', 'Garcia', 'ethangarcia', 'ethangarcia@example.co.ng', '2025-05-19 09:53:48'), (8, 'Fiona', 'Harris', 'fionaharris', 'fionaharris@example.co.uk', '2025-05-19 09:53:48'), (9, 'George', 'Martinez', 'georgemartinez', 'georgemartinez@example.nz', '2025-05-19 09:53:48')]
2025-05-19 12:51 - INFO - Connection to users.db successful
2025-05-19 12:51 - INFO - Using cached result for query: SELECT * FROM users
2025-05-19 12:51 - INFO - Query successful: [(1, 'John', 'Doe', 'johndoe', 'Crawford_Cartwright@live.com', '2025-05-19 09:53:48'), (2, 'Jane', 'Smith', 'janesmith', 'janesmith@example.com', '2025-05-19 09:53:48'), (3, 'Alice', 'Johnson', 'alicejohnson', 'alicejohnson@example.net', '2025-05-19 09:53:48'), (4, 'Bob', 'Brown', 'bobbrown', 'Bobbrown@example.org', '2025-05-19 09:53:48'), (5, 'Charlie', 'Davis', 'charliedavis', 'charliedavis@example.link', '2025-05-19 09:53:48'), (6, 'Diana', 'Evans', 'dianaevans', 'dianaevans@example.edu', '2025-05-19 09:53:48'), (7, 'Ethan', 'Garcia', 'ethangarcia', 'ethangarcia@example.co.ng', '2025-05-19 09:53:48'), (8, 'Fiona', 'Harris', 'fionaharris', 'fionaharris@example.co.uk', '2025-05-19 09:53:48'), (9, 'George', 'Martinez', 'georgemartinez', 'georgemartinez@example.nz', '2025-05-19 09:53:48')]
2025-05-19 12:53 - INFO - Connection to users.db successful
2025-05-19 12:53 - INFO - Query successful: (1, 'John', 'Doe', 'johndoe', 'Crawford_Cartwright@live.com', '2025-05-19 09:53:48')
2025-05-19 12:53 - INFO - Connection to users.db successful
2025-05-19 12:53 - INFO - Executing query: SELECT * FROM users
2025-05-19 12:53 - INFO - Caching result for query: 26e7e05427bc7dabcd7815d27764fda2baf4cfe60a2d2d6ee2a1f773dccbbce2: [(1, 'John', 'Doe', 'johndoe', 'Crawford_Cartwright@live.com', '2025-05-19 09:53:48'), (2, 'Jane', 'Smith', 'janesmith', 'janesmith@example.com', '2025-05-19 09:53:48'), (3, 'Alice', 'Johnson', 'alicejohnson', 'alicejohnson@example.net', '2025-05-19 09:53:48'), (4, 'Bob', 'Brown', 'bobbrown', 'Bobbrown@example.org', '2025-05-19 09:53:48'), (5, 'Charlie', 'Davis', 'charliedavis', 'charliedavis@example.link', '2025-05-19 09:53:48'), (6, 'Diana', 'Evans', 'dianaevans', 'dianaevans@example.edu', '2025-05-19 09:53:48'), (7, 'Ethan', 'Garcia', 'ethangarcia', 'ethangarcia@example.co.ng', '2025-05-19 09:53:48'), (8, 'Fiona', 'Harris', 'fionaharris', 'fionaharris@example.co.uk', '2025-05-19 09:53:48'), (9, 'George', 'Martinez', 'georgemartinez', 'georgemartinez@example.nz', '2025-05-19 09:53:48')]
2025-05-19 12:53 - INFO - Query successful: [(1, 'John', 'Doe', 'johndoe', 'Crawford_Cartwright@live.com', '2025-05-19 09:53:48'), (2, 'Jane', 'Smith', 'janesmith', 'janesmith@example.com', '2025-05-19 09:53:48'), (3, 'Alice', 'Johnson', 'alicejohnson', 'alicejohnson@example.net', '2025-05-19 09:53:48'), (4, 'Bob', 'Brown', 'bobbrown', 'Bobbrown@example.org', '2025-05-19 09:53:48'), (5, 'Charlie', 'Davis', 'charliedavis', 'charliedavis@example.link', '2025-05-19 09:53:48'), (6, 'Diana', 'Evans', 'dianaevans', 'dianaevans@example.edu', '2025-05-19 09:53:48'), (7, 'Ethan', 'Garcia', 'ethangarcia', 'ethangarcia@example.co.ng', '2025-05-19 09:53:48'), (8, 'Fiona', 'Harris', 'fionaharris', 'fionaharris@example.co.uk', '2025-05-19 09:53:48'), (9, 'George', 'Martinez', 'georgemartinez', 'georgemartinez@example.nz', '2025-05-19 09:53:48')]
2025-05-19 12:53 - INFO - Connection to users.db successful
2025-05-19 12:53 - INFO - Using cached result for query: SELECT * FROM users
2025-05-19 12:53 - INFO - Query successful: [(1, 'John', 'Doe', 'johndoe', 'Crawford_Cartwright@live.com', '2025-05-19 09:53:48'), (2, 'Jane', 'Smith', 'janesmith', 'janesmith@example.com', '2025-05-19 09:53:48'), (3, 'Alice', 'Johnson', 'alicejohnson', 'alicejohnson@example.net', '2025-05-19 09:53:48'), (4, 'Bob', 'Brown', 'bobbrown', 'Bobbrown@example.org', '2025-05-19 09:53:48'), (5, 'Charlie', 'Davis', 'charliedavis', 'charliedavis@example.link', '2025-05-19 09:53:48'), (6, 'Diana', 'Evans', 'dianaevans', 'dianaevans@example.edu', '2025-05-19 09:53:48'), (7, 'Ethan', 'Garcia', 'ethangarcia', 'ethangarcia@example.co.ng', '2025-05-19 09:53:48'), (8, 'Fiona', 'Harris', 'fionaharris', 'fionaharris@example.co.uk', '2025-05-19 09:53:48'), (9, 'George', 'Martinez', 'georgemartinez', 'georgemartinez@example.nz', '2025-05-19 09:53:48')]
2025-05-19 12:56 - INFO - Connection to users.db successful
2025-05-19 12:56 - INFO - Query successful: (1, 'John', 'Doe', 'johndoe', 'Crawford_Cartwright@live.com', '2025-05-19 09:53:48')
2025-05-19 12:56 - INFO - Connection to users.db successful
2025-05-19 12:56 - INFO - Executing query: SELECT * FROM users
2025-05-19 12:56 - INFO - Caching result for query: 26e7e05427bc7dabcd7815d27764fda2baf4cfe60a2d2d6ee2a1f773dccbbce2: [(1, 'John', 'Doe', 'johndoe', 'Crawford_Cartwright@live.com', '2025-05-19 09:53:48'), (2, 'Jane', 'Smith', 'janesmith', 'janesmith@example.com', '2025-05-19 09:53:48'), (3, 'Alice', 'Johnson', 'alicejohnson', 'alicejohnson@example.net', '2025-05-19 09:53:48'), (4, 'Bob', 'Brown', 'bobbrown', 'Bobbrown@example.org', '2025-05-19 09:53:48'), (5, 'Charlie', 'Davis', 'charliedavis', 'charliedavis@example.link', '2025-05-19 09:53:48'), (6, 'Diana', 'Evans', 'dianaevans', 'dianaevans@example.edu', '2025-05-19 09:53:48'), (7, 'Ethan', 'Garcia', 'ethangarcia', 'ethangarcia@example.co.ng', '2025-05-19 09:53:48'), (8, 'Fiona', 'Harris', 'fionaharris', 'fionaharris@example.co.uk', '2025-05-19 09:53:48'), (9, 'George', 'Martinez', 'georgemartinez', 'georgemartinez@example.nz', '2025-05-19 09:53:48')]
2025-05-19 12:56 - INFO - Cached result for query: 26e7e05427bc7dabcd7815d27764fda2baf4cfe60a2d2d6ee2a1f773dccbbce2
2025-05-19 12:56 - INFO - Query successful: [(1, 'John', 'Doe', 'johndoe', 'Crawford_Cartwright@live.com', '2025-05-19 09:53:48'), (2, 'Jane', 'Smith', 'janesmith', 'janesmith@example.com', '2025-05-19 09:53:48'), (3, 'Alice', 'Johnson', 'alicejohnson', 'alicejohnson@example.net', '2025-05-19 09:53:48'), (4, 'Bob', 'Brown', 'bobbrown', 'Bobbrown@example.org', '2025-05-19 09:53:48'), (5, 'Charlie', 'Davis', 'charliedavis', 'charliedavis@example.link', '2025-05-19 09:53:48'), (6, 'Diana', 'Evans', 'dianaevans', 'dianaevans@example.edu', '2025-05-19 09:53:48'), (7, 'Ethan', 'Garcia', 'ethangarcia', 'ethangarcia@example.co.ng', '2025-05-19 09:53:48'), (8, 'Fiona', 'Harris', 'fionaharris', 'fionaharris@example.co.uk', '2025-05-19 09:53:48'), (9, 'George', 'Martinez', 'georgemartinez', 'georgemartinez@example.nz', '2025-05-19 09:53:48')]
2025-05-19 12:56 - INFO - Connection to users.db successful
2025-05-19 12:56 - INFO - Using cached result for query: SELECT * FROM users
2025-05-19 12:56 - INFO - Query successful: [(1, 'John', 'Doe', 'johndoe', 'Crawford_Cartwright@live.com', '2025-05-19 09:53:48'), (2, 'Jane', 'Smith', 'janesmith', 'janesmith@example.com', '2025-05-19 09:53:48'), (3, 'Alice', 'Johnson', 'alicejohnson', 'alicejohnson@example.net', '2025-05-19 09:53:48'), (4, 'Bob', 'Brown', 'bobbrown', 'Bobbrown@example.org', '2025-05-19 09:53:48'), (5, 'Charlie', 'Davis', 'charliedavis', 'charliedavis@example.link', '2025-05-19 09:53:48'), (6, 'Diana', 'Evans', 'dianaevans', 'dianaevans@example.edu', '2025-05-19 09:53:48'), (7, 'Ethan', 'Garcia', 'ethangarcia', 'ethangarcia@example.co.ng', '2025-05-19 09:53:48'), (8, 'Fiona', 'Harris', 'fionaharris', 'fionaharris@example.co.uk', '2025-05-19 09:53:48'), (9, 'George', 'Martinez', 'georgemartinez', 'georgemartinez@example.nz', '2025-05-19 09:53:48')]
2025-05-19 13:00 - INFO - Connection to users.db successful
2025-05-19 13:00 - INFO - Query successful: (1, 'John', 'Doe', 'johndoe', 'Crawford_Cartwright@live.com', '2025-05-19 09:53:48')
2025-05-19 13:00 - INFO - Connection to users.db successful
2025-05-19 13:03 - INFO - Connection to users.db successful
2025-05-19 13:03 - INFO - Query successful: (1, 'John', 'Doe', 'johndoe', 'Crawford_Cartwright@live.com', '2025-05-19 09:53:48')
2025-05-19 13:03 - INFO - Connection to users.db successful
2025-05-19 13:03 - ERROR - Failed to find query in cache, executing query: SELECT * FROM users
2025-05-19 13:03 - INFO - Caching result for query: 26e7e05427bc7dabcd7815d27764fda2baf4cfe60a2d2d6ee2a1f773dccbbce2: [(1, 'John', 'Doe', 'johndoe', 'Crawford_Cartwright@live.com', '2025-05-19 09:53:48'), (2, 'Jane', 'Smith', 'janesmith', 'janesmith@example.com', '2025-05-19 09:53:48'), (3, 'Alice', 'Johnson', 'alicejohnson', 'alicejohnson@example.net', '2025-05-19 09:53:48'), (4, 'Bob', 'Brown', 'bobbrown', 'Bobbrown@example.org', '2025-05-19 09:53:48'), (5, 'Charlie', 'Davis', 'charliedavis', 'charliedavis@example.link', '2025-05-19 09:53:48'), (6, 'Diana', 'Evans', 'dianaevans', 'dianaevans@example.edu', '2025-05-19 09:53:48'), (7, 'Ethan', 'Garcia', 'ethangarcia', 'ethangarcia@example.co.ng', '2025-05-19 09:53:48'), (8, 'Fiona', 'Harris', 'fionaharris', 'fionaharris@example.co.uk', '2025-05-19 09:53:48'), (9, 'George', 'Martinez', 'georgemartinez', 'georgemartinez@example.nz', '2025-05-19 09:53:48')]
2025-05-19 13:03 - INFO - Connection to users.db successful
2025-05-19 13:03 - INFO - Query successful: (1, 'John', 'Doe', 'johndoe', 'Crawford_Cartwright@live.com', '2025-05-19 09:53:48')
2025-05-19 13:03 - INFO - Connection to users.db successful
2025-05-19 13:03 - ERROR - Failed to find query in cache, executing query: SELECT * FROM users
2025-05-19 13:03 - INFO - Caching result for query: 26e7e05427bc7dabcd7815d27764fda2baf4cfe60a2d2d6ee2a1f773dccbbce2: [(1, 'John', 'Doe', 'johndoe', 'Crawford_Cartwright@live.com', '2025-05-19 09:53:48'), (2, 'Jane', 'Smith', 'janesmith', 'janesmith@example.com', '2025-05-19 09:53:48'), (3, 'Alice', 'Johnson', 'alicejohnson', 'alicejohnson@example.net', '2025-05-19 09:53:48'), (4, 'Bob', 'Brown', 'bobbrown', 'Bobbrown@example.org', '2025-05-19 09:53:48'), (5, 'Charlie', 'Davis', 'charliedavis', 'charliedavis@example.link', '2025-05-19 09:53:48'), (6, 'Diana', 'Evans', 'dianaevans', 'dianaevans@example.edu', '2025-05-19 09:53:48'), (7, 'Ethan', 'Garcia', 'ethangarcia', 'ethangarcia@example.co.ng', '2025-05-19 09:53:48'), (8, 'Fiona', 'Harris', 'fionaharris', 'fionaharris@example.co.uk', '2025-05-19 09:53:48'), (9, 'George', 'Martinez', 'georgemartinez', 'georgemartinez@example.nz', '2025-05-19 09:53:48')]
2025-05-19 13:03 - INFO - Cached result for query: 26e7e05427bc7dabcd7815d27764fda2baf4cfe60a2d2d6ee2a1f773dccbbce2
2025-05-19 13:03 - INFO - Query successful: [(1, 'John', 'Doe', 'johndoe', 'Crawford_Cartwright@live.com', '2025-05-19 09:53:48'), (2, 'Jane', 'Smith', 'janesmith', 'janesmith@example.com', '2025-05-19 09:53:48'), (3, 'Alice', 'Johnson', 'alicejohnson', 'alicejohnson@example.net', '2025-05-19 09:53:48'), (4, 'Bob', 'Brown', 'bobbrown', 'Bobbrown@example.org', '2025-05-19 09:53:48'), (5, 'Charlie', 'Davis', 'charliedavis', 'charliedavis@example.link', '2025-05-19 09:53:48'), (6, 'Diana', 'Evans', 'dianaevans', 'dianaevans@example.edu', '2025-05-19 09:53:48'), (7, 'Ethan', 'Garcia', 'ethangarcia', 'ethangarcia@example.co.ng', '2025-05-19 09:53:48'), (8, 'Fiona', 'Harris', 'fionaharris', 'fionaharris@example.co.uk', '2025-05-19 09:53:48'), (9, 'George', 'Martinez', 'georgemartinez', 'georgemartinez@example.nz', '2025-05-19 09:53:48')]
2025-05-19 13:03 - INFO - Connection to users.db successful
2025-05-19 13:03 - INFO - Using cached result for query: SELECT * FROM users
2025-05-19 13:03 - INFO - Query successful: [(1, 'John', 'Doe', 'johndoe', 'Crawford_Cartwright@live.com', '2025-05-19 09:53:48'), (2, 'Jane', 'Smith', 'janesmith', 'janesmith@example.com', '2025-05-19 09:53:48'), (3, 'Alice', 'Johnson', 'alicejohnson', 'alicejohnson@example.net', '2025-05-19 09:53:48'), (4, 'Bob', 'Brown', 'bobbrown', 'Bobbrown@example.org', '2025-05-19 09:53:48'), (5, 'Charlie', 'Davis', 'charliedavis', 'charliedavis@example.link', '2025-05-19 09:53:48'), (6, 'Diana', 'Evans', 'dianaevans', 'dianaevans@example.edu', '2025-05-19 09:53:48'), (7, 'Ethan', 'Garcia', 'ethangarcia', 'ethangarcia@example.co.ng', '2025-05-19 09:53:48'), (8, 'Fiona', 'Harris', 'fionaharris', 'fionaharris@example.co.uk', '2025-05-19 09:53:48'), (9, 'George', 'Martinez', 'georgemartinez', 'georgemartinez@example.nz', '2025-05-19 09:53:48')]
2025-05-19 13:07 - INFO - Connection to users.db successful
2025-05-19 13:07 - INFO - Query successful: (1, 'John', 'Doe', 'johndoe', 'Crawford_Cartwright@live.com', '2025-05-19 09:53:48')
2025-05-19 13:07 - INFO - Connection to users.db successful
2025-05-19 13:07 - ERROR - Failed to find query in cache, executing query: SELECT * FROM users
2025-05-19 13:07 - INFO - Caching result for query: 26e7e05427bc7dabcd7815d27764fda2baf4cfe60a2d2d6ee2a1f773dccbbce2: [(1, 'John', 'Doe', 'johndoe', 'Crawford_Cartwright@live.com', '2025-05-19 09:53:48'), (2, 'Jane', 'Smith', 'janesmith', 'janesmith@example.com', '2025-05-19 09:53:48'), (3, 'Alice', 'Johnson', 'alicejohnson', 'alicejohnson@example.net', '2025-05-19 09:53:48'), (4, 'Bob', 'Brown', 'bobbrown', 'Bobbrown@example.org', '2025-05-19 09:53:48'), (5, 'Charlie', 'Davis', 'charliedavis', 'charliedavis@example.link', '2025-05-19 09:53:48'), (6, 'Diana', 'Evans', 'dianaevans', 'dianaevans@example.edu', '2025-05-19 09:53:48'), (7, 'Ethan', 'Garcia', 'ethangarcia', 'ethangarcia@example.co.ng', '2025-05-19 09:53:48'), (8, 'Fiona', 'Harris', 'fionaharris', 'fionaharris@example.co.uk', '2025-05-19 09:53:48'), (9, 'George', 'Martinez', 'georgemartinez', 'georgemartinez@example.nz', '2025-05-19 09:53:48')]
2025-05-19 13:07 - INFO - Cached result for query: 26e7e05427bc7dabcd7815d27764fda2baf4cfe60a2d2d6ee2a1f773dccbbce2
2025-05-19 13:07 - INFO - Query successful: [(1, 'John', 'Doe', 'johndoe', 'Crawford_Cartwright@live.com', '2025-05-19 09:53:48'), (2, 'Jane', 'Smith', 'janesmith', 'janesmith@example.com', '2025-05-19 09:53:48'), (3, 'Alice', 'Johnson', 'alicejohnson', 'alicejohnson@example.net', '2025-05-19 09:53:48'), (4, 'Bob', 'Brown', 'bobbrown', 'Bobbrown@example.org', '2025-05-19 09:53:48'), (5, 'Charlie', 'Davis', 'charliedavis', 'charliedavis@example.link', '2025-05-19 09:53:48'), (6, 'Diana', 'Evans', 'dianaevans', 'dianaevans@example.edu', '2025-05-19 09:53:48'), (7, 'Ethan', 'Garcia', 'ethangarcia', 'ethangarcia@example.co.ng', '2025-05-19 09:53:48'), (8, 'Fiona', 'Harris', 'fionaharris', 'fionaharris@example.co.uk', '2025-05-19 09:53:48'), (9, 'George', 'Martinez', 'georgemartinez', 'georgemartinez@example.nz', '2025-05-19 09:53:48')]
2025-05-19 13:07 - INFO - Connection to users.db successful
2025-05-19 13:07 - INFO - Using cached result for query: SELECT * FROM users
2025-05-19 13:07 - INFO - Query successful: [(1, 'John', 'Doe', 'johndoe', 'Crawford_Cartwright@live.com', '2025-05-19 09:53:48'), (2, 'Jane', 'Smith', 'janesmith', 'janesmith@example.com', '2025-05-19 09:53:48'), (3, 'Alice', 'Johnson', 'alicejohnson', 'alicejohnson@example.net', '2025-05-19 09:53:48'), (4, 'Bob', 'Brown', 'bobbrown', 'Bobbrown@example.org', '2025-05-19 09:53:48'), (5, 'Charlie', 'Davis', 'charliedavis', 'charliedavis@example.link', '2025-05-19 09:53:48'), (6, 'Diana', 'Evans', 'dianaevans', 'dianaevans@example.edu', '2025-05-19 09:53:48'), (7, 'Ethan', 'Garcia', 'ethangarcia', 'ethangarcia@example.co.ng', '2025-05-19 09:53:48'), (8, 'Fiona', 'Harris', 'fionaharris', 'fionaharris@example.co.uk', '2025-05-19 09:53:48'), (9, 'George', 'Martinez', 'georgemartinez', 'georgemartinez@example.nz', '2025-05-19 09:53:48')]
2025-05-19 13:07 - INFO - Connection to users.db successful
2025-05-19 13:07 - INFO - Query successful: (1, 'John', 'Doe', 'johndoe', 'Crawford_Cartwright@live.com', '2025-05-19 09:53:48')
2025-05-19 13:07 - INFO - Attempt 1 of 3
2025-05-19 13:07 - INFO - Connection to users.db successful
2025-05-19 13:07 - INFO - Query successful: [(1, 'John', 'Doe', 'johndoe', 'Crawford_Cartwright@live.com', '2025-05-19 09:53:48'), (2, 'Jane', 'Smith', 'janesmith', 'janesmith@example.com', '2025-05-19 09:53:48'), (3, 'Alice', 'Johnson', 'alicejohnson', 'alicejohnson@example.net', '2025-05-19 09:53:48'), (4, 'Bob', 'Brown', 'bobbrown', 'Bobbrown@example.org', '2025-05-19 09:53:48'), (5, 'Charlie', 'Davis', 'charliedavis', 'charliedavis@example.link', '2025-05-19 09:53:48')]
2025-05-19 13:07 - INFO - Query successful: [(1, 'John', 'Doe', 'johndoe', 'Crawford_Cartwright@live.com', '2025-05-19 09:53:48'), (2, 'Jane', 'Smith', 'janesmith', 'janesmith@example.com', '2025-05-19 09:53:48'), (3, 'Alice', 'Johnson', 'alicejohnson', 'alicejohnson@example.net', '2025-05-19 09:53:48'), (4, 'Bob', 'Brown', 'bobbrown', 'Bobbrown@example.org', '2025-05-19 09:53:48'), (5, 'Charlie', 'Davis', 'charliedavis', 'charliedavis@example.link', '2025-05-19 09:53:48')]
2025-05-19 13:07 - INFO - Connection to users.db successful
2025-05-19 13:07 - INFO - Query successful: (1, 'John', 'Doe', 'johndoe', 'Crawford_Cartwright@live.com', '2025-05-19 09:53:48')
2025-05-19 13:07 - INFO - Connection to users.db successful
2025-05-19 13:07 - INFO - Starting transaction...
2025-05-19 13:07 - INFO - Transaction committed successfully.
2025-05-19 13:07 - INFO - Query successful: None
2025-05-19 13:07 - INFO - Connection to users.db successful
2025-05-19 13:07 - INFO - Query successful: (1, 'John', 'Doe', 'johndoe', 'Crawford_Cartwright@live.com', '2025-05-19 09:53:48')
2025-05-19 13:07 - INFO - Connection to users.db successful
2025-05-19 13:07 - INFO - Query successful: (1, 'John', 'Doe', 'johndoe', 'Crawford_Cartwright@live.com', '2025-05-19 09:53:48')
2025-05-19 13:07 - INFO - Query to be exexuted: SELECT * FROM users
2025-05-19 13:07 - INFO - Query executed successfully: [(1, 'John', 'Doe', 'johndoe', 'Crawford_Cartwright@live.com', '2025-05-19 09:53:48'), (2, 'Jane', 'Smith', 'janesmith', 'janesmith@example.com', '2025-05-19 09:53:48'), (3, 'Alice', 'Johnson', 'alicejohnson', 'alicejohnson@example.net', '2025-05-19 09:53:48'), (4, 'Bob', 'Brown', 'bobbrown', 'Bobbrown@example.org', '2025-05-19 09:53:48'), (5, 'Charlie', 'Davis', 'charliedavis', 'charliedavis@example.link', '2025-05-19 09:53:48'), (6, 'Diana', 'Evans', 'dianaevans', 'dianaevans@example.edu', '2025-05-19 09:53:48'), (7, 'Ethan', 'Garcia', 'ethangarcia', 'ethangarcia@example.co.ng', '2025-05-19 09:53:48'), (8, 'Fiona', 'Harris', 'fionaharris', 'fionaharris@example.co.uk', '2025-05-19 09:53:48'), (9, 'George', 'Martinez', 'georgemartinez', 'georgemartinez@example.nz', '2025-05-19 09:53:48')]
