2025-06-08 09:50:12.160785 - User: Anonymous - Path: /api/
2025-06-08 09:50:27.219149 - User: Anonymous - Path: /api/token/
2025-06-08 09:50:45.051640 - User: Anonymous - Path: /api/
2025-06-08 09:51:22.812086 - User: Anonymous - Path: /api/
2025-06-08 09:53:19.417516 - User: Anonymous - Path: /api/
2025-06-08 09:53:33.730500 - User: Anonymous - Path: /api/
2025-06-08 09:56:59.253452 - User: Anonymous - Path: /api/
2025-06-08 09:57:32.937044 - User: Anonymous - Path: /api/
2025-06-08 09:57:42.389256 - User: Anonymous - Path: /api/token/
2025-06-08 09:58:51.887610 - User: Anonymous - Path: /api/
2025-06-08 09:59:49.543482 - User: Anonymous - Path: /api/
2025-06-08 10:02:29.822654 - User: Anonymous - Path: /api/
2025-06-08 10:02:46.821099 - User: Anonymous - Path: /api/
2025-06-08 10:03:30.172342 - User: Anonymous - Path: /api/
2025-06-08 10:03:32.047572 - User: Anonymous - Path: /api/messages
2025-06-08 10:04:05.126296 - User: Anonymous - Path: /api/conversations
2025-06-08 10:04:16.135799 - User: Anonymous - Path: /api/token/
2025-06-08 10:04:44.917529 - User: Anonymous - Path: /api/conversations
2025-06-08 10:05:37.153482 - User: Anonymous - Path: /api/conversations
2025-06-08 10:06:13.677260 - User: Anonymous - Path: /api/conversations
2025-06-08 10:06:18.721354 - User: Anonymous - Path: /api/conversations
2025-06-08 10:08:58.561711 - User: Anonymous - Path: /api/conversations
2025-06-08 10:10:28.368221 - User: Anonymous - Path: /api/conversations
2025-06-08 10:12:00.024422 - User: Anonymous - Path: /api/conversations
2025-06-08 10:12:31.183637 - User: Anonymous - Path: /api/conversations
2025-06-08 10:12:34.478590 - User: Anonymous - Path: /api/conversations
2025-06-08 10:12:36.788206 - User: Anonymous - Path: /api/conversations
2025-06-08 10:13:06.110845 - User: Anonymous - Path: /api/messages
2025-06-08 10:13:08.112755 - User: Anonymous - Path: /api/messages
2025-06-08 10:13:09.222584 - User: Anonymous - Path: /api/messages
2025-06-08 10:13:10.196825 - User: Anonymous - Path: /api/messages
2025-06-08 10:14:44.012292 - User: Anonymous - Path: /api/token/
2025-06-08 10:15:17.530858 - User: Anonymous - Path: /api/messages
2025-06-08 10:15:20.191653 - User: Anonymous - Path: /api/messages
2025-06-08 10:15:38.171765 - User: Anonymous - Path: /api/conversations
2025-06-08 10:30:26.917961 - User: Anonymous - Path: /api/auth/login/
2025-06-08 10:32:42.785790 - User: Anonymous - Path: /api/auth/login/
2025-06-08 17:20:18.572239 - User: Anonymous - Path: /api/
2025-06-08 17:21:07.588556 - User: Anonymous - Path: /api/auth/login/
2025-06-08 17:21:21.325896 - User: Anonymous - Path: /api/auth/login/
2025-06-08 17:21:51.610844 - User: Anonymous - Path: /api/token/
2025-06-08 17:25:08.323099 - User: Anonymous - Path: /api/token/
2025-06-08 17:25:15.792617 - User: Anonymous - Path: /api/token/
2025-06-08 17:25:24.927995 - User: Anonymous - Path: /api/conversations/
2025-06-08 17:25:43.536298 - User: Anonymous - Path: /api/conversations/
2025-06-08 17:25:43.571210 - User: Anonymous - Path: /api/conversations/
2025-06-08 17:25:43.588552 - User: Anonymous - Path: /api/conversations/
2025-06-08 17:25:43.609409 - User: Anonymous - Path: /api/conversations/
2025-06-08 17:25:43.626800 - User: Anonymous - Path: /api/conversations/
2025-06-08 17:25:43.640353 - User: Anonymous - Path: /api/conversations/
2025-06-08 17:25:57.262266 - User: Anonymous - Path: /api/conversations/
2025-06-08 17:25:57.290303 - User: Anonymous - Path: /api/conversations/
2025-06-08 17:25:57.308500 - User: Anonymous - Path: /api/conversations/
2025-06-08 17:25:57.325988 - User: Anonymous - Path: /api/conversations/
2025-06-08 17:25:57.344665 - User: Anonymous - Path: /api/conversations/
2025-06-08 17:25:57.363425 - User: Anonymous - Path: /api/conversations/
2025-06-08 17:25:57.381056 - User: Anonymous - Path: /api/conversations/
2025-06-08 17:25:57.398378 - User: Anonymous - Path: /api/conversations/
2025-06-08 17:27:13.246067 - User: Anonymous - Path: /api/conversations/
2025-06-08 17:27:13.277634 - User: Anonymous - Path: /api/conversations/
2025-06-08 17:27:13.290348 - User: Anonymous - Path: /api/conversations/
2025-06-08 17:28:46.756736 - User: Anonymous - Path: /api/conversations/
2025-06-08 17:28:46.780922 - User: Anonymous - Path: /api/conversations/
2025-06-08 17:28:46.800417 - User: Anonymous - Path: /api/conversations/
2025-06-08 17:28:46.822931 - User: Anonymous - Path: /api/conversations/
2025-06-08 17:28:46.841266 - User: Anonymous - Path: /api/conversations/
2025-06-08 17:28:46.858824 - User: Anonymous - Path: /api/conversations/
2025-06-08 17:28:46.875804 - User: Anonymous - Path: /api/conversations/
2025-06-10 23:22:25.441714 - User: Anonymous - Path: /api/token/
2025-06-10 23:22:25.442808 - User: Anonymous - Path: /api/token/
2025-06-10 23:22:25.484485 - User: Anonymous - Path: /api/conversations/
2025-06-10 23:22:25.484485 - User: Anonymous - Path: /api/conversations/
2025-06-10 23:22:25.484753 - User: Anonymous - Path: /api/conversations/
2025-06-10 23:22:25.484753 - User: Anonymous - Path: /api/conversations/
2025-06-10 23:22:25.484930 - User: Anonymous - Path: /api/messages/
2025-06-10 23:22:25.484930 - User: Anonymous - Path: /api/messages/
2025-06-10 23:22:25.485097 - User: Anonymous - Path: /api/conversations/invalid-uuid-format/
2025-06-10 23:22:25.485097 - User: Anonymous - Path: /api/conversations/invalid-uuid-format/
2025-06-10 23:22:25.485249 - User: Anonymous - Path: /api/nonexistent/
2025-06-10 23:22:25.485249 - User: Anonymous - Path: /api/nonexistent/
2025-06-10 23:22:25.485398 - User: Anonymous - Path: /api/conversations/
2025-06-10 23:22:25.485398 - User: Anonymous - Path: /api/conversations/
2025-06-10 23:22:25.485540 - User: Anonymous - Path: /api/conversations/
2025-06-10 23:22:25.485540 - User: Anonymous - Path: /api/conversations/
2025-06-10 23:22:25.485858 - User: Anonymous - Path: /api/conversations/
2025-06-10 23:22:25.485858 - User: Anonymous - Path: /api/conversations/
2025-06-10 23:22:51.180710 - User: Anonymous - Path: /api/token/
2025-06-10 23:22:51.181520 - User: Anonymous - Path: /api/token/
2025-06-10 23:22:51.194658 - User: Anonymous - Path: /api/conversations/
2025-06-10 23:22:51.194658 - User: Anonymous - Path: /api/conversations/
2025-06-10 23:22:51.194892 - User: Anonymous - Path: /api/conversations/
2025-06-10 23:22:51.194892 - User: Anonymous - Path: /api/conversations/
2025-06-10 23:22:51.195068 - User: Anonymous - Path: /api/messages/
2025-06-10 23:22:51.195068 - User: Anonymous - Path: /api/messages/
2025-06-10 23:22:51.195234 - User: Anonymous - Path: /api/conversations/invalid-uuid-format/
2025-06-10 23:22:51.195234 - User: Anonymous - Path: /api/conversations/invalid-uuid-format/
2025-06-10 23:22:51.195389 - User: Anonymous - Path: /api/nonexistent/
2025-06-10 23:22:51.195389 - User: Anonymous - Path: /api/nonexistent/
2025-06-10 23:22:51.195539 - User: Anonymous - Path: /api/conversations/
2025-06-10 23:22:51.195539 - User: Anonymous - Path: /api/conversations/
2025-06-10 23:22:51.195687 - User: Anonymous - Path: /api/conversations/
2025-06-10 23:22:51.195687 - User: Anonymous - Path: /api/conversations/
2025-06-10 23:22:51.196011 - User: Anonymous - Path: /api/conversations/
2025-06-10 23:22:51.196011 - User: Anonymous - Path: /api/conversations/
2025-06-10 23:30:50.902386 - User: Anonymous - Path: /api/token/
2025-06-10 23:30:50.903335 - User: Anonymous - Path: /api/token/
2025-06-10 23:30:50.919533 - User: Anonymous - Path: /api/conversations/
2025-06-10 23:30:50.919533 - User: Anonymous - Path: /api/conversations/
2025-06-10 23:30:50.919774 - User: Anonymous - Path: /api/conversations/
2025-06-10 23:30:50.919774 - User: Anonymous - Path: /api/conversations/
2025-06-10 23:30:50.919938 - User: Anonymous - Path: /api/messages/
2025-06-10 23:30:50.919938 - User: Anonymous - Path: /api/messages/
2025-06-10 23:30:50.920085 - User: Anonymous - Path: /api/conversations/invalid-uuid-format/
2025-06-10 23:30:50.920085 - User: Anonymous - Path: /api/conversations/invalid-uuid-format/
2025-06-10 23:30:50.920230 - User: Anonymous - Path: /api/nonexistent/
2025-06-10 23:30:50.920230 - User: Anonymous - Path: /api/nonexistent/
2025-06-10 23:30:50.920377 - User: Anonymous - Path: /api/conversations/
2025-06-10 23:30:50.920377 - User: Anonymous - Path: /api/conversations/
2025-06-10 23:30:50.920507 - User: Anonymous - Path: /api/conversations/
2025-06-10 23:30:50.920507 - User: Anonymous - Path: /api/conversations/
2025-06-10 23:30:50.920814 - User: Anonymous - Path: /api/conversations/
2025-06-10 23:30:50.920814 - User: Anonymous - Path: /api/conversations/
2025-06-13 00:48:11.875754 - User: Anonymous - Path: /delete-user/
2025-06-13 00:48:12.007657 - User: Anonymous - Path: /delete-user/
2025-06-13 00:48:12.007657 - User: Anonymous - Path: /delete-user/
2025-06-13 00:48:12.112539 - User: Anonymous - Path: /delete-user/
2025-06-13 00:48:12.112539 - User: Anonymous - Path: /delete-user/
2025-06-13 00:48:12.112539 - User: Anonymous - Path: /delete-user/
2025-06-13 00:48:12.215140 - User: Anonymous - Path: /delete-user/
2025-06-13 00:48:12.215140 - User: Anonymous - Path: /delete-user/
2025-06-13 00:48:12.215140 - User: Anonymous - Path: /delete-user/
2025-06-13 00:48:12.215140 - User: Anonymous - Path: /delete-user/
2025-06-13 00:48:28.611474 - User: Anonymous - Path: /delete-user/
2025-06-13 00:48:28.719053 - User: Anonymous - Path: /delete-user/
2025-06-13 00:49:54.351452 - User: Anonymous - Path: /delete-user/
2025-06-13 00:49:54.357142 - User: Anonymous - Path: /delete-user/
2025-06-13 00:49:54.357142 - User: Anonymous - Path: /delete-user/
2025-06-13 00:49:54.359575 - User: Anonymous - Path: /delete-user/
2025-06-13 00:49:54.359575 - User: Anonymous - Path: /delete-user/
2025-06-13 00:49:54.359575 - User: Anonymous - Path: /delete-user/
2025-06-13 00:49:54.361775 - User: Anonymous - Path: /delete-user/
2025-06-13 00:49:54.361775 - User: Anonymous - Path: /delete-user/
2025-06-13 00:49:54.361775 - User: Anonymous - Path: /delete-user/
2025-06-13 00:49:54.361775 - User: Anonymous - Path: /delete-user/
2025-06-13 00:52:33.948546 - User: Anonymous - Path: /messaging/delete-user/
2025-06-13 00:52:50.792596 - User: Anonymous - Path: /messaging/delete-user/
2025-06-13 00:52:50.796008 - User: Anonymous - Path: /messaging/delete-user/
2025-06-13 00:52:50.796008 - User: Anonymous - Path: /messaging/delete-user/
2025-06-13 00:52:50.798456 - User: Anonymous - Path: /messaging/delete-user/
2025-06-13 00:52:50.798456 - User: Anonymous - Path: /messaging/delete-user/
2025-06-13 00:52:50.798456 - User: Anonymous - Path: /messaging/delete-user/
2025-06-13 00:52:50.800680 - User: Anonymous - Path: /messaging/delete-user/
2025-06-13 00:52:50.800680 - User: Anonymous - Path: /messaging/delete-user/
2025-06-13 00:52:50.800680 - User: Anonymous - Path: /messaging/delete-user/
2025-06-13 00:52:50.800680 - User: Anonymous - Path: /messaging/delete-user/
2025-06-13 00:54:13.497307 - User: Anonymous - Path: /messaging/delete-user/
2025-06-13 00:54:13.692909 - User: Anonymous - Path: /messaging/delete-user/
2025-06-13 00:54:13.692909 - User: Anonymous - Path: /messaging/delete-user/
2025-06-13 00:54:57.677422 - User: Anonymous - Path: /messaging/delete-user/
2025-06-13 00:59:28.791351 - User: Anonymous - Path: /messaging/delete-user/
2025-06-13 01:01:32.973753 - User: Anonymous - Path: /messaging/delete-user/
2025-06-13 01:01:32.975202 - User: Anonymous - Path: /messaging/delete-user/
2025-06-13 01:01:32.975202 - User: Anonymous - Path: /messaging/delete-user/
2025-06-13 01:02:29.533151 - User: Anonymous - Path: /messaging/delete-user/
2025-06-13 01:02:29.534834 - User: Anonymous - Path: /messaging/delete-user/
2025-06-13 01:02:29.534834 - User: Anonymous - Path: /messaging/delete-user/
2025-06-13 01:04:34.404140 - User: Anonymous - Path: /messaging/delete-user/
2025-06-13 01:05:46.562624 - User: Anonymous - Path: /messaging/delete-user/
2025-06-13 01:10:35.276307 - User: Anonymous - Path: /messaging/delete-user/
2025-06-13 13:20:39.921891 - User: Anonymous - Path: /messaging/delete-user/
2025-06-14 00:08:12.876196 - User: Anonymous - Path: /api/messages/unread/
