2025-06-08 09:50:12.160785 - User: Anonymous - Path: /api/
2025-06-08 09:50:27.219149 - User: Anonymous - Path: /api/token/
2025-06-08 09:50:45.051640 - User: Anonymous - Path: /api/
2025-06-08 09:51:22.812086 - User: Anonymous - Path: /api/
2025-06-08 09:53:19.417516 - User: Anonymous - Path: /api/
2025-06-08 09:53:33.730500 - User: Anonymous - Path: /api/
2025-06-08 09:56:59.253452 - User: Anonymous - Path: /api/
2025-06-08 09:57:32.937044 - User: Anonymous - Path: /api/
2025-06-08 09:57:42.389256 - User: Anonymous - Path: /api/token/
2025-06-08 09:58:51.887610 - User: Anonymous - Path: /api/
2025-06-08 09:59:49.543482 - User: Anonymous - Path: /api/
2025-06-08 10:02:29.822654 - User: Anonymous - Path: /api/
2025-06-08 10:02:46.821099 - User: Anonymous - Path: /api/
2025-06-08 10:03:30.172342 - User: Anonymous - Path: /api/
2025-06-08 10:03:32.047572 - User: Anonymous - Path: /api/messages
2025-06-08 10:04:05.126296 - User: Anonymous - Path: /api/conversations
2025-06-08 10:04:16.135799 - User: Anonymous - Path: /api/token/
2025-06-08 10:04:44.917529 - User: Anonymous - Path: /api/conversations
2025-06-08 10:05:37.153482 - User: Anonymous - Path: /api/conversations
2025-06-08 10:06:13.677260 - User: Anonymous - Path: /api/conversations
2025-06-08 10:06:18.721354 - User: Anonymous - Path: /api/conversations
2025-06-08 10:08:58.561711 - User: Anonymous - Path: /api/conversations
2025-06-08 10:10:28.368221 - User: Anonymous - Path: /api/conversations
2025-06-08 10:12:00.024422 - User: Anonymous - Path: /api/conversations
2025-06-08 10:12:31.183637 - User: Anonymous - Path: /api/conversations
2025-06-08 10:12:34.478590 - User: Anonymous - Path: /api/conversations
2025-06-08 10:12:36.788206 - User: Anonymous - Path: /api/conversations
2025-06-08 10:13:06.110845 - User: Anonymous - Path: /api/messages
2025-06-08 10:13:08.112755 - User: Anonymous - Path: /api/messages
2025-06-08 10:13:09.222584 - User: Anonymous - Path: /api/messages
2025-06-08 10:13:10.196825 - User: Anonymous - Path: /api/messages
2025-06-08 10:14:44.012292 - User: Anonymous - Path: /api/token/
2025-06-08 10:15:17.530858 - User: Anonymous - Path: /api/messages
2025-06-08 10:15:20.191653 - User: Anonymous - Path: /api/messages
2025-06-08 10:15:38.171765 - User: Anonymous - Path: /api/conversations
2025-06-08 10:30:26.917961 - User: Anonymous - Path: /api/auth/login/
2025-06-08 10:32:42.785790 - User: Anonymous - Path: /api/auth/login/
